[2022-11-07 22:01:13,985] [15840] 开始清理日志文件
[2022-11-07 22:01:13,988] [15840] 删除过期日志: log/2022-08-18.log
[2022-11-07 22:01:13,989] [15840] 删除过期日志: log/2022-08-19.log
[2022-11-07 22:01:14,306] [5780] Update YOLO model: D:/Project/yolov5-master/models/best_defect.pt
[2022-11-07 22:01:14,467] [5780] YOLOv5  2021-7-31 torch 1.9.1+cpu CPU

[2022-11-07 22:01:14,576] [5780] Fusing layers... 
[2022-11-07 22:01:15,137] [5780] Model Summary: 213 layers, 7026307 parameters, 0 gradients
[2022-11-07 22:01:15,142] [5780] Model has been uploaded successfully.
[2022-11-07 22:01:31,473] [15840] 开启摄像头
[2022-11-07 22:01:33,954] [4084] 显示画面线程开始
[2022-11-07 22:01:33,955] [1116] 目标检测线程开始
[2022-11-07 22:01:33,956] [13364] start update and print fps
[2022-11-07 22:01:41,942] [15840] 关闭摄像头
[2022-11-07 22:01:41,945] [4084] 显示画面线程结束
[2022-11-07 22:01:41,958] [13364] stop update and print fps
[2022-11-07 22:01:45,488] [15840] 开启摄像头
[2022-11-07 22:01:47,208] [9448] 显示画面线程开始
[2022-11-07 22:01:47,209] [11084] 目标检测线程开始
[2022-11-07 22:01:47,209] [1392] start update and print fps
[2022-11-07 22:02:11,799] [15840] 关闭摄像头
[2022-11-07 22:02:11,811] [9448] 显示画面线程结束
[2022-11-07 22:02:11,951] [1392] stop update and print fps
[2022-11-07 22:02:15,265] [15840] 开启摄像头
[2022-11-07 22:02:16,989] [4000] 显示画面线程开始
[2022-11-07 22:02:16,990] [2328] 目标检测线程开始
[2022-11-07 22:02:17,000] [272] start update and print fps
[2022-11-07 22:02:21,119] [15840] 关闭摄像头
[2022-11-07 22:02:21,130] [4000] 显示画面线程结束
[2022-11-07 22:02:21,188] [272] stop update and print fps
